<?xml version="1.0" encoding="UTF-8" ?>
<testsuites>
<testsuite name="[PhenSimilarityCntrl Controller]" errors="0" tests="0" failures="0" time="0" timestamp="2021-10-18T08:57:42">
</testsuite>
<testsuite name="[PhenSimilarityCntrl Controller].[calculatePhenSimilarity function]" errors="0" tests="0" failures="0" time="0" timestamp="2021-10-18T08:57:42">
</testsuite>
<testsuite name="[PhenSimilarityCntrl Controller].[calculatePhenSimilarity function].[Correct values]" errors="0" tests="4" failures="0" time="0.458" timestamp="2021-10-18T08:57:42">
  <testcase classname="[PhenSimilarityCntrl Controller].[calculatePhenSimilarity function].[Correct values]" name="Calcule phenSimilarity with all input keys and data" time="0.408"></testcase>
  <testcase classname="[PhenSimilarityCntrl Controller].[calculatePhenSimilarity function].[Correct values]" name="Calcule phenSimilarity without list_compare info provided " time="0.015"></testcase>
  <testcase classname="[PhenSimilarityCntrl Controller].[calculatePhenSimilarity function].[Correct values]" name="Calcule phenSimilarity without list_reference info provided" time="0.014"></testcase>
  <testcase classname="[PhenSimilarityCntrl Controller].[calculatePhenSimilarity function].[Correct values]" name="Calcule phenSimilarity without list_reference &amp; list_compare info provided" time="0.015"></testcase>
</testsuite>
</testsuites>