<?xml version="1.0" encoding="UTF-8" ?>
<testsuites>
<testsuite name="[PhenSimilarity Service]" errors="0" tests="0" failures="0" time="0" timestamp="2021-10-18T08:57:43">
</testsuite>
<testsuite name="[PhenSimilarity Service].[createTotalList function]" errors="0" tests="0" failures="0" time="0" timestamp="2021-10-18T08:57:42">
</testsuite>
<testsuite name="[PhenSimilarity Service].[createTotalList function].[Correct values]" errors="0" tests="1" failures="0" time="0" timestamp="2021-10-18T08:57:42">
  <testcase classname="[PhenSimilarity Service].[createTotalList function].[Correct values]" name="Get total list" time="0"></testcase>
</testsuite>
<testsuite name="[PhenSimilarity Service].[getParents function]" errors="0" tests="0" failures="0" time="0" timestamp="2021-10-18T08:57:43">
</testsuite>
<testsuite name="[PhenSimilarity Service].[getParents function].[Correct values]" errors="0" tests="1" failures="0" time="0.215" timestamp="2021-10-18T08:57:42">
  <testcase classname="[PhenSimilarity Service].[getParents function].[Correct values]" name="Get parents" time="0.214"></testcase>
</testsuite>
<testsuite name="[PhenSimilarity Service].[compare function]" errors="0" tests="0" failures="0" time="0" timestamp="2021-10-18T08:57:43">
</testsuite>
<testsuite name="[PhenSimilarity Service].[compare function].[Correct values]" errors="0" tests="1" failures="0" time="0.001" timestamp="2021-10-18T08:57:43">
  <testcase classname="[PhenSimilarity Service].[compare function].[Correct values]" name="Compare" time="0.001"></testcase>
</testsuite>
</testsuites>